INFO:root:[+] Check cron active...
INFO:root:[+] Check cron active finish...
INFO:root:[+] Reset data price status...
INFO:root:[+] Reset data price status finish...
INFO:django.utils.autoreload:C:\Users\wuilson-desk\Desktop\progra\booking\booking\app\views.py changed, reloading.
INFO:root:[+] Check cron active...
INFO:root:[+] Check cron active finish...
INFO:root:[+] Reset data price status...
INFO:root:[+] Reset data price status finish...
INFO:django.utils.autoreload:C:\Users\wuilson-desk\Desktop\progra\booking\booking\app\views.py changed, reloading.
INFO:root:[+] Check cron active...
INFO:root:[+] Check cron active finish...
INFO:root:[+] Reset data price status...
INFO:root:[+] Reset data price status finish...
INFO:django.utils.autoreload:C:\Users\wuilson-desk\Desktop\progra\booking\booking\app\views.py changed, reloading.
INFO:root:[+] Check cron active...
INFO:root:[+] Check cron active finish...
INFO:root:[+] Reset data price status...
INFO:root:[+] Reset data price status finish...
INFO:django.utils.autoreload:C:\Users\wuilson-desk\Desktop\progra\booking\booking\app\views.py changed, reloading.
INFO:root:[+] Check cron active...
INFO:root:[+] Check cron active finish...
INFO:root:[+] Reset data price status...
INFO:root:[+] Reset data price status finish...
INFO:django.utils.autoreload:C:\Users\wuilson-desk\Desktop\progra\booking\booking\app\views.py changed, reloading.
INFO:root:[+] Check cron active...
INFO:root:[+] Check cron active finish...
INFO:root:[+] Reset data price status...
INFO:root:[+] Reset data price status finish...
INFO:django.utils.autoreload:C:\Users\wuilson-desk\Desktop\progra\booking\booking\app\views.py changed, reloading.
INFO:root:[+] Check cron active...
INFO:root:[+] Check cron active finish...
INFO:root:[+] Reset data price status...
INFO:root:[+] Reset data price status finish...
INFO:django.utils.autoreload:C:\Users\wuilson-desk\Desktop\progra\booking\booking\app\views.py changed, reloading.
INFO:root:[+] Check cron active...
INFO:root:[+] Check cron active finish...
INFO:root:[+] Reset data price status...
INFO:root:[+] Reset data price status finish...
INFO:django.utils.autoreload:C:\Users\wuilson-desk\Desktop\progra\booking\booking\app\views.py changed, reloading.
INFO:root:[+] Check cron active...
INFO:root:[+] Check cron active finish...
INFO:root:[+] Reset data price status...
INFO:root:[+] Reset data price status finish...
INFO:django.utils.autoreload:C:\Users\wuilson-desk\Desktop\progra\booking\booking\app\views.py changed, reloading.
INFO:root:[+] Check cron active...
INFO:root:[+] Check cron active finish...
INFO:root:[+] Reset data price status...
INFO:root:[+] Reset data price status finish...
ERROR:django.request:Internal Server Error: /save/message
Traceback (most recent call last):
  File "C:\Users\wuilson-desk\AppData\Local\Programs\Python\Python39\lib\site-packages\django\db\models\fields\__init__.py", line 1823, in get_prep_value
    return int(value)
ValueError: invalid literal for int() with base 10: ''

The above exception was the direct cause of the following exception:

Traceback (most recent call last):
  File "C:\Users\wuilson-desk\AppData\Local\Programs\Python\Python39\lib\site-packages\django\core\handlers\exception.py", line 47, in inner
    response = get_response(request)
  File "C:\Users\wuilson-desk\AppData\Local\Programs\Python\Python39\lib\site-packages\django\core\handlers\base.py", line 181, in _get_response
    response = wrapped_callback(request, *callback_args, **callback_kwargs)
  File "C:\Users\wuilson-desk\AppData\Local\Programs\Python\Python39\lib\site-packages\django\views\decorators\csrf.py", line 54, in wrapped_view
    return view_func(*args, **kwargs)
  File "C:\Users\wuilson-desk\AppData\Local\Programs\Python\Python39\lib\site-packages\django\views\generic\base.py", line 70, in view
    return self.dispatch(request, *args, **kwargs)
  File "C:\Users\wuilson-desk\AppData\Local\Programs\Python\Python39\lib\site-packages\rest_framework\views.py", line 509, in dispatch
    response = self.handle_exception(exc)
  File "C:\Users\wuilson-desk\AppData\Local\Programs\Python\Python39\lib\site-packages\rest_framework\views.py", line 469, in handle_exception
    self.raise_uncaught_exception(exc)
  File "C:\Users\wuilson-desk\AppData\Local\Programs\Python\Python39\lib\site-packages\rest_framework\views.py", line 480, in raise_uncaught_exception
    raise exc
  File "C:\Users\wuilson-desk\AppData\Local\Programs\Python\Python39\lib\site-packages\rest_framework\views.py", line 506, in dispatch
    response = handler(request, *args, **kwargs)
  File "C:\Users\wuilson-desk\AppData\Local\Programs\Python\Python39\lib\site-packages\rest_framework\decorators.py", line 50, in handler
    return func(*args, **kwargs)
  File "C:\Users\wuilson-desk\Desktop\progra\booking\booking\app\views.py", line 577, in save_message
    __message_name = MessageName.objects.filter(pk = request.data["text"]).first()
  File "C:\Users\wuilson-desk\AppData\Local\Programs\Python\Python39\lib\site-packages\django\db\models\manager.py", line 85, in manager_method
    return getattr(self.get_queryset(), name)(*args, **kwargs)
  File "C:\Users\wuilson-desk\AppData\Local\Programs\Python\Python39\lib\site-packages\django\db\models\query.py", line 941, in filter
    return self._filter_or_exclude(False, args, kwargs)
  File "C:\Users\wuilson-desk\AppData\Local\Programs\Python\Python39\lib\site-packages\django\db\models\query.py", line 961, in _filter_or_exclude
    clone._filter_or_exclude_inplace(negate, args, kwargs)
  File "C:\Users\wuilson-desk\AppData\Local\Programs\Python\Python39\lib\site-packages\django\db\models\query.py", line 968, in _filter_or_exclude_inplace
    self._query.add_q(Q(*args, **kwargs))
  File "C:\Users\wuilson-desk\AppData\Local\Programs\Python\Python39\lib\site-packages\django\db\models\sql\query.py", line 1396, in add_q
    clause, _ = self._add_q(q_object, self.used_aliases)
  File "C:\Users\wuilson-desk\AppData\Local\Programs\Python\Python39\lib\site-packages\django\db\models\sql\query.py", line 1415, in _add_q
    child_clause, needed_inner = self.build_filter(
  File "C:\Users\wuilson-desk\AppData\Local\Programs\Python\Python39\lib\site-packages\django\db\models\sql\query.py", line 1350, in build_filter
    condition = self.build_lookup(lookups, col, value)
  File "C:\Users\wuilson-desk\AppData\Local\Programs\Python\Python39\lib\site-packages\django\db\models\sql\query.py", line 1196, in build_lookup
    lookup = lookup_class(lhs, rhs)
  File "C:\Users\wuilson-desk\AppData\Local\Programs\Python\Python39\lib\site-packages\django\db\models\lookups.py", line 25, in __init__
    self.rhs = self.get_prep_lookup()
  File "C:\Users\wuilson-desk\AppData\Local\Programs\Python\Python39\lib\site-packages\django\db\models\lookups.py", line 77, in get_prep_lookup
    return self.lhs.output_field.get_prep_value(self.rhs)
  File "C:\Users\wuilson-desk\AppData\Local\Programs\Python\Python39\lib\site-packages\django\db\models\fields\__init__.py", line 1825, in get_prep_value
    raise e.__class__(
ValueError: Field 'id' expected a number but got ''.
INFO:django.utils.autoreload:C:\Users\wuilson-desk\Desktop\progra\booking\booking\app\views.py changed, reloading.
INFO:root:[+] Check cron active...
INFO:root:[+] Check cron active finish...
INFO:root:[+] Reset data price status...
INFO:root:[+] Reset data price status finish...
INFO:django.utils.autoreload:C:\Users\wuilson-desk\Desktop\progra\booking\booking\app\views.py changed, reloading.
INFO:root:[+] Check cron active...
INFO:root:[+] Check cron active finish...
INFO:root:[+] Reset data price status...
INFO:root:[+] Reset data price status finish...
INFO:root:[+] Check cron active...
INFO:root:[+] Check cron active finish...
INFO:root:[+] Reset data price status...
INFO:root:[+] Reset data price status finish...
WARNING:django.request:Not Found: /favicon.ico
INFO:root:[+] Check cron active...
INFO:root:[+] Check cron active finish...
INFO:root:[+] Reset data price status...
INFO:root:[+] Reset data price status finish...
INFO:root:[+] Check cron active...
INFO:root:[+] Check cron active finish...
INFO:root:[+] Reset data price status...
INFO:root:[+] Reset data price status finish...
INFO:root:[+] Check cron active...
INFO:root:[+] Check cron active finish...
INFO:root:[+] Reset data price status...
INFO:root:[+] Reset data price status finish...
WARNING:django.request:Not Found: /.well-known/appspecific/com.chrome.devtools.json
WARNING:django.request:Not Found: /sm/b71d1fdf2e18834149b01e90c6fb68c49c8720f6f79466e6360b5d5b6793e05e.map
INFO:root:[+] Check cron active...
INFO:root:[+] Check cron active finish...
INFO:root:[+] Reset data price status...
INFO:root:[+] Reset data price status finish...
WARNING:django.request:Not Found: /.well-known/appspecific/com.chrome.devtools.json
WARNING:django.request:Not Found: /sm/b71d1fdf2e18834149b01e90c6fb68c49c8720f6f79466e6360b5d5b6793e05e.map
WARNING:django.request:Not Found: /sm/b71d1fdf2e18834149b01e90c6fb68c49c8720f6f79466e6360b5d5b6793e05e.map
WARNING:django.request:Not Found: /.well-known/appspecific/com.chrome.devtools.json
WARNING:django.request:Not Found: /sm/b71d1fdf2e18834149b01e90c6fb68c49c8720f6f79466e6360b5d5b6793e05e.map
WARNING:django.request:Not Found: /sm/b71d1fdf2e18834149b01e90c6fb68c49c8720f6f79466e6360b5d5b6793e05e.map
INFO:root:[+] Check cron active...
INFO:root:[+] Check cron active finish...
INFO:root:[+] Reset data price status...
INFO:root:[+] Reset data price status finish...
INFO:django.utils.autoreload:C:\Users\wuilson-desk\Desktop\progra\booking\booking\app\views.py changed, reloading.
INFO:root:[+] Check cron active...
INFO:root:[+] Check cron active finish...
INFO:root:[+] Reset data price status...
INFO:root:[+] Reset data price status finish...
INFO:django.utils.autoreload:C:\Users\wuilson-desk\Desktop\progra\booking\booking\app\views.py changed, reloading.
INFO:root:[+] Check cron active...
INFO:root:[+] Check cron active finish...
INFO:root:[+] Reset data price status...
INFO:root:[+] Reset data price status finish...
